<?xml version="1.0" encoding="UTF-8"?>
<!-- Generated by org.testng.reporters.JUnitReportReporter -->
<testsuite hostname="CAD380" failures="0" tests="1" name="runner.CucumberRunner" time="0.471" errors="1" timestamp="2021-06-25T11:51:29 EDT" skipped="0">
  <testcase classname="runner.CucumberRunner" name="runScenario" time="0.471">
    <error message="Cannot invoke &quot;org.openqa.selenium.TakesScreenshot.getScreenshotAs(org.openqa.selenium.OutputType)&quot; because &quot;driver&quot; is null" type="java.lang.NullPointerException">
      <![CDATA[java.lang.NullPointerException: Cannot invoke "org.openqa.selenium.TakesScreenshot.getScreenshotAs(org.openqa.selenium.OutputType)" because "driver" is null
at sotiMethods.sotiActions.sotiSendkeys(sotiActions.java:108)
at pages.WCLoginPage.basePageNavigation(WCLoginPage.java:30)
at stepDefinitions.WCCleanEnrollment.user_is_logged_into_the_home_page(WCCleanEnrollment.java:20)
at ✽.User is logged into the home page(file:///C:/Users/spawar/eclipse-workspace/AndroidCertification/src/test/resources/featurefiles/enrollment.feature:5)
]]>
    </error>
  </testcase> <!-- runScenario -->
  <system-out/>
</testsuite> <!-- runner.CucumberRunner -->
